[1] "marital = DK - Removed 1"
[1] "marital = NA; refused - Removed 0"
[1] "life_satisfaction = DK - Removed 156"
[1] "life_satisfaction = NA; refused - Removed 0"
[1] "life_satisfaction = Inap.: respondent was not Reference Person or Spouse/Partner - Removed 0"
[1] "itemize_tax = DK - Removed 104"
[1] "itemize_tax = NA; refused - Removed 0"
[1] "health_status = DK - Removed 19"
[1] "health_status = NA; refused - Removed 0"
[1] "race_ref_1 = DK; NA; refused - Removed 92"
[1] "donated_gt_25_charity_last_yr = DK - Removed 24"
[1] "donated_gt_25_charity_last_yr = NA; refused - Removed 0"
[1] "donated_gt_25_charity_last_yr = Inap.: respondent was not Reference Person or Spouse/Partner - Removed 0"
[1] "religious_attend_freq = DK - Removed 52"
[1] "religious_attend_freq = NA; refused - Removed 0"
[1] "respondant_was = Partner or new partner - Removed 355"
[1] "respondant_was = Other FU member - Removed 0"
[1] "respondant_was = Proxy R; not a member of this FU - Removed 0"
[1] "respondant_was = NA - Removed 0"
[1] "education = DK; NA - Removed 57"
